c:\users\mohammad\documents\university\phd\vision\prototype\objectdetection\objectdetection\debug\objectdetection.pch
c:\users\mohammad\documents\university\phd\vision\prototype\objectdetection\objectdetection\debug\vc120.pdb
c:\users\mohammad\documents\university\phd\vision\prototype\objectdetection\objectdetection\debug\vc120.idb
c:\users\mohammad\documents\university\phd\vision\prototype\objectdetection\objectdetection\debug\stdafx.obj
c:\users\mohammad\documents\university\phd\vision\prototype\objectdetection\objectdetection\debug\sensorreader.obj
c:\users\mohammad\documents\university\phd\vision\prototype\objectdetection\objectdetection\debug\objectdetection.obj
c:\users\mohammad\documents\university\phd\vision\prototype\objectdetection\objectdetection\debug\testersensorreader.obj
c:\users\mohammad\documents\university\phd\vision\prototype\objectdetection\objectdetection\debug\checkerboardcalibration.obj
c:\users\mohammad\documents\university\phd\vision\prototype\objectdetection\objectdetection\debug\testercheckerboardcalibration.obj
c:\users\mohammad\documents\university\phd\vision\prototype\objectdetection\objectdetection\debug\points.pb.obj
c:\users\mohammad\documents\university\phd\vision\prototype\objectdetection\debug\objectdetection.exe
c:\users\mohammad\documents\university\phd\vision\prototype\objectdetection\debug\objectdetection.pdb
c:\users\mohammad\documents\university\phd\vision\prototype\objectdetection\objectdetection\debug\objectdetection.tlog\cl.command.1.tlog
c:\users\mohammad\documents\university\phd\vision\prototype\objectdetection\objectdetection\debug\objectdetection.tlog\cl.read.1.tlog
c:\users\mohammad\documents\university\phd\vision\prototype\objectdetection\objectdetection\debug\objectdetection.tlog\cl.write.1.tlog
c:\users\mohammad\documents\university\phd\vision\prototype\objectdetection\objectdetection\debug\objectdetection.tlog\link-cvtres.read.1.tlog
c:\users\mohammad\documents\university\phd\vision\prototype\objectdetection\objectdetection\debug\objectdetection.tlog\link-cvtres.write.1.tlog
c:\users\mohammad\documents\university\phd\vision\prototype\objectdetection\objectdetection\debug\objectdetection.tlog\link-rc.read.1.tlog
c:\users\mohammad\documents\university\phd\vision\prototype\objectdetection\objectdetection\debug\objectdetection.tlog\link-rc.write.1.tlog
c:\users\mohammad\documents\university\phd\vision\prototype\objectdetection\objectdetection\debug\objectdetection.tlog\link.command.1.tlog
c:\users\mohammad\documents\university\phd\vision\prototype\objectdetection\objectdetection\debug\objectdetection.tlog\link.read.1.tlog
c:\users\mohammad\documents\university\phd\vision\prototype\objectdetection\objectdetection\debug\objectdetection.tlog\link.write.1.tlog
